Warning: Tag `SYMBOL_CACHE_SIZE' at line 346 of file doxygen-config has become obsolete.
To avoid this warning please remove this line from your configuration file or upgrade it using "doxygen -u"
Searching for include files...
Searching for example files...
Searching for images...
Searching for dot files...
Searching for msc files...
Searching for files to exclude
Searching for files to process...
Searching for files in directory /home/PrashantRizal/Downloads/PrashantRizal@u.boisestate.edu/backpack/CS253-3-s17/p5
Searching for files in directory /home/PrashantRizal/Downloads/PrashantRizal@u.boisestate.edu/backpack/CS253-3-s17/p5/docs
Searching for files in directory /home/PrashantRizal/Downloads/PrashantRizal@u.boisestate.edu/backpack/CS253-3-s17/p5/include
Searching for files in directory /home/PrashantRizal/Downloads/PrashantRizal@u.boisestate.edu/backpack/CS253-3-s17/p5/lib
Searching for files in directory /home/PrashantRizal/Downloads/PrashantRizal@u.boisestate.edu/backpack/CS253-3-s17/p5/libsrc
Searching for files in directory /home/PrashantRizal/Downloads/PrashantRizal@u.boisestate.edu/backpack/CS253-3-s17/p5/test
Reading and parsing tag files
Parsing files
Preprocessing /home/PrashantRizal/Downloads/PrashantRizal@u.boisestate.edu/backpack/CS253-3-s17/p5/include/ring.h...
Parsing file /home/PrashantRizal/Downloads/PrashantRizal@u.boisestate.edu/backpack/CS253-3-s17/p5/include/ring.h...
Preprocessing /home/PrashantRizal/Downloads/PrashantRizal@u.boisestate.edu/backpack/CS253-3-s17/p5/libsrc/ring.c...
Parsing file /home/PrashantRizal/Downloads/PrashantRizal@u.boisestate.edu/backpack/CS253-3-s17/p5/libsrc/ring.c...
Preprocessing /home/PrashantRizal/Downloads/PrashantRizal@u.boisestate.edu/backpack/CS253-3-s17/p5/libsrc/ring.h...
Parsing file /home/PrashantRizal/Downloads/PrashantRizal@u.boisestate.edu/backpack/CS253-3-s17/p5/libsrc/ring.h...
Reading /home/PrashantRizal/Downloads/PrashantRizal@u.boisestate.edu/backpack/CS253-3-s17/p5/README.md...
Preprocessing /home/PrashantRizal/Downloads/PrashantRizal@u.boisestate.edu/backpack/CS253-3-s17/p5/test/test-ring-buffer.c...
Parsing file /home/PrashantRizal/Downloads/PrashantRizal@u.boisestate.edu/backpack/CS253-3-s17/p5/test/test-ring-buffer.c...
Building group list...
Building directory list...
Building namespace list...
Building file list...
Building class list...
Associating documentation with classes...
Computing nesting relations for classes...
Building example list...
Searching for enumerations...
Searching for documented typedefs...
Searching for members imported via using declarations...
Searching for included using directives...
Searching for documented variables...
Building interface member list...
Building member list...
Searching for friends...
Searching for documented defines...
Computing class inheritance relations...
Computing class usage relations...
Flushing cached template relations that have become invalid...
Creating members for template instances...
Computing class relations...
Add enum values to enums...
Searching for member function documentation...
Building page list...
Search for main page...
Computing page relations...
Determining the scope of groups...
Sorting lists...
Freeing entry tree
Determining which enums are documented
Computing member relations...
Building full member lists recursively...
Adding members to member groups.
Computing member references...
Inheriting documentation...
Generating disk names...
Adding source references...
Adding xrefitems...
Sorting member lists...
Computing dependencies between directories...
Generating citations page...
Counting data structures...
Resolving user defined references...
Finding anchors and sections in the documentation...
Transferring function references...
Combining using relations...
Adding members to index pages...
Generating style sheet...
Generating search indices...
Generating example documentation...
Generating file sources...
Generating code for file include/ring.h...
Generating code for file libsrc/ring.h...
Generating file documentation...
Generating docs for file include/ring.h...
Generating docs for file libsrc/ring.h...
Generating docs for file libsrc/ring.c...
Generating docs for file README.md...
Generating docs for file test/test-ring-buffer.c...
Generating page documentation...
Generating docs for page md_README...
Generating group documentation...
Generating class documentation...
Generating namespace index...
Generating graph info page...
Generating directory documentation...
Generating index page...
Generating page index...
Generating module index...
Generating namespace index...
Generating namespace member index...
Generating annotated compound index...
Generating alphabetical compound index...
Generating hierarchical class index...
Generating member index...
Generating file index...
Generating file member index...
Generating example index...
finalizing index lists...
lookup cache used 14/65536 hits=28 misses=14
finished...
